  Grammar.cpp
C:\Users\Su199\Desktop\2020秋\编译技术\2020CompilationPractice\Complier\Complier\Grammar.cpp(163,17): warning C4018: “<”: 有符号/无符号不匹配
C:\Users\Su199\Desktop\2020秋\编译技术\2020CompilationPractice\Complier\Complier\Grammar.cpp(177,17): warning C4018: “<”: 有符号/无符号不匹配
C:\Users\Su199\Desktop\2020秋\编译技术\2020CompilationPractice\Complier\Complier\Grammar.cpp(232,16): warning C4018: “<”: 有符号/无符号不匹配
C:\Users\Su199\Desktop\2020秋\编译技术\2020CompilationPractice\Complier\Complier\Grammar.cpp(640,16): warning C4018: “<”: 有符号/无符号不匹配
C:\Users\Su199\Desktop\2020秋\编译技术\2020CompilationPractice\Complier\Complier\Grammar.cpp(658,16): warning C4018: “<”: 有符号/无符号不匹配
C:\Users\Su199\Desktop\2020秋\编译技术\2020CompilationPractice\Complier\Complier\Grammar.cpp(719,16): warning C4018: “<”: 有符号/无符号不匹配
C:\Users\Su199\Desktop\2020秋\编译技术\2020CompilationPractice\Complier\Complier\Grammar.cpp(929,16): warning C4018: “<”: 有符号/无符号不匹配
C:\Users\Su199\Desktop\2020秋\编译技术\2020CompilationPractice\Complier\Complier\Grammar.cpp(971,20): warning C4018: “<”: 有符号/无符号不匹配
C:\Users\Su199\Desktop\2020秋\编译技术\2020CompilationPractice\Complier\Complier\Grammar.cpp(1016,20): warning C4018: “<”: 有符号/无符号不匹配
C:\Users\Su199\Desktop\2020秋\编译技术\2020CompilationPractice\Complier\Complier\Grammar.cpp(1019,9): warning C4018: “<”: 有符号/无符号不匹配
C:\Users\Su199\Desktop\2020秋\编译技术\2020CompilationPractice\Complier\Complier\Grammar.cpp(1204,20): warning C4018: “<”: 有符号/无符号不匹配
C:\Users\Su199\Desktop\2020秋\编译技术\2020CompilationPractice\Complier\Complier\Grammar.cpp(1639,20): warning C4018: “<”: 有符号/无符号不匹配
C:\Users\Su199\Desktop\2020秋\编译技术\2020CompilationPractice\Complier\Complier\Grammar.cpp(1993,22): warning C4018: “<”: 有符号/无符号不匹配
C:\Users\Su199\Desktop\2020秋\编译技术\2020CompilationPractice\Complier\Complier\Grammar.cpp(2045,20): warning C4018: “<”: 有符号/无符号不匹配
C:\Users\Su199\Desktop\2020秋\编译技术\2020CompilationPractice\Complier\Complier\Grammar.cpp(2048,9): warning C4018: “<”: 有符号/无符号不匹配
C:\Users\Su199\Desktop\2020秋\编译技术\2020CompilationPractice\Complier\Complier\Grammar.cpp(2104,26): warning C4018: “<”: 有符号/无符号不匹配
C:\Users\Su199\Desktop\2020秋\编译技术\2020CompilationPractice\Complier\Complier\Grammar.cpp(2107,14): warning C4018: “<”: 有符号/无符号不匹配
C:\Users\Su199\Desktop\2020秋\编译技术\2020CompilationPractice\Complier\Complier\Grammar.cpp(2215,16): warning C4018: “<”: 有符号/无符号不匹配
C:\Users\Su199\Desktop\2020秋\编译技术\2020CompilationPractice\Complier\Complier\Grammar.cpp(2456,20): warning C4018: “<”: 有符号/无符号不匹配
  Tables.cpp
C:\Users\Su199\Desktop\2020秋\编译技术\2020CompilationPractice\Complier\Complier\Tables.cpp(85,16): warning C4018: “<”: 有符号/无符号不匹配
  main.cpp
  正在生成代码...
  Complier.vcxproj -> C:\Users\Su199\Desktop\2020秋\编译技术\2020CompilationPractice\Complier\Debug\Complier.exe
